2000.05.08 16:56 B D:\Reg\MacOSMendel\COM\codestorm\mendel\AbstractLambda.class --> ftp.proxy.com /u1/home/reg/private/MacOSMendel/COM/codestorm/mendel AbstractLambda.class
2000.05.08 16:56 B D:\Reg\MacOSMendel\COM\codestorm\mendel\AbstractLambda.java --> ftp.proxy.com /u1/home/reg/private/MacOSMendel/COM/codestorm/mendel AbstractLambda.java
2000.05.08 16:56 B D:\Reg\MacOSMendel\COM\codestorm\mendel\AbstractMember.class --> ftp.proxy.com /u1/home/reg/private/MacOSMendel/COM/codestorm/mendel AbstractMember.class
2000.05.08 16:56 B D:\Reg\MacOSMendel\COM\codestorm\mendel\AbstractMember.java --> ftp.proxy.com /u1/home/reg/private/MacOSMendel/COM/codestorm/mendel AbstractMember.java
2000.05.08 16:56 B D:\Reg\MacOSMendel\COM\codestorm\mendel\AbstractMemberCollection.class --> ftp.proxy.com /u1/home/reg/private/MacOSMendel/COM/codestorm/mendel AbstractMemberCollection.class
2000.05.08 16:56 B D:\Reg\MacOSMendel\COM\codestorm\mendel\AbstractMemberCollection.java --> ftp.proxy.com /u1/home/reg/private/MacOSMendel/COM/codestorm/mendel AbstractMemberCollection.java
2000.05.08 16:56 B D:\Reg\MacOSMendel\COM\codestorm\mendel\AbstractMemberContainer.class --> ftp.proxy.com /u1/home/reg/private/MacOSMendel/COM/codestorm/mendel AbstractMemberContainer.class
2000.05.08 16:56 B D:\Reg\MacOSMendel\COM\codestorm\mendel\AbstractMemberContainer.java --> ftp.proxy.com /u1/home/reg/private/MacOSMendel/COM/codestorm/mendel AbstractMemberContainer.java
2000.05.08 16:56 B D:\Reg\MacOSMendel\COM\codestorm\mendel\AbstractMemberDictionary.class --> ftp.proxy.com /u1/home/reg/private/MacOSMendel/COM/codestorm/mendel AbstractMemberDictionary.class
2000.05.08 16:56 B D:\Reg\MacOSMendel\COM\codestorm\mendel\AbstractMemberDictionary.java --> ftp.proxy.com /u1/home/reg/private/MacOSMendel/COM/codestorm/mendel AbstractMemberDictionary.java
2000.05.08 16:56 B D:\Reg\MacOSMendel\COM\codestorm\mendel\AbstractOrdCollection.class --> ftp.proxy.com /u1/home/reg/private/MacOSMendel/COM/codestorm/mendel AbstractOrdCollection.class
2000.05.08 16:56 B D:\Reg\MacOSMendel\COM\codestorm\mendel\AbstractOrdCollection.java --> ftp.proxy.com /u1/home/reg/private/MacOSMendel/COM/codestorm/mendel AbstractOrdCollection.java
2000.05.08 16:56 B D:\Reg\MacOSMendel\COM\codestorm\mendel\AbstractPublishStrategy.class --> ftp.proxy.com /u1/home/reg/private/MacOSMendel/COM/codestorm/mendel AbstractPublishStrategy.class
2000.05.08 16:56 B D:\Reg\MacOSMendel\COM\codestorm\mendel\AbstractPublishStrategy.java --> ftp.proxy.com /u1/home/reg/private/MacOSMendel/COM/codestorm/mendel AbstractPublishStrategy.java
2000.05.08 16:56 B D:\Reg\MacOSMendel\COM\codestorm\mendel\AbstractPublishSubject.class --> ftp.proxy.com /u1/home/reg/private/MacOSMendel/COM/codestorm/mendel AbstractPublishSubject.class
2000.05.08 16:56 B D:\Reg\MacOSMendel\COM\codestorm\mendel\AbstractPublishSubject.java --> ftp.proxy.com /u1/home/reg/private/MacOSMendel/COM/codestorm/mendel AbstractPublishSubject.java
2000.05.08 16:56 B D:\Reg\MacOSMendel\COM\codestorm\mendel\AbstractSuperAtomEnvelope.class --> ftp.proxy.com /u1/home/reg/private/MacOSMendel/COM/codestorm/mendel AbstractSuperAtomEnvelope.class
2000.05.08 16:57 B D:\Reg\MacOSMendel\COM\codestorm\mendel\AbstractSuperAtomEnvelope.java --> ftp.proxy.com /u1/home/reg/private/MacOSMendel/COM/codestorm/mendel AbstractSuperAtomEnvelope.java
2000.05.08 16:58 B D:\Reg\MacOSMendel\COM\codestorm\mendel\AbstractMember.java --> ftp.proxy.com /u1/home/reg/www/source AbstractMember.java
2000.06.20 10:06 B D:\Reg\MacOSMendel\COM\codestorm\mendel\AbstractLambda.class --> ftp.proxy.net /u1/home/reg/private/MacOSMendel/COM/codestorm/mendel AbstractLambda.class
2000.06.20 10:06 B D:\Reg\MacOSMendel\COM\codestorm\mendel\AbstractLambda.java --> ftp.proxy.net /u1/home/reg/private/MacOSMendel/COM/codestorm/mendel AbstractLambda.java
2000.06.20 10:06 B D:\Reg\MacOSMendel\COM\codestorm\mendel\AbstractMember.class --> ftp.proxy.net /u1/home/reg/private/MacOSMendel/COM/codestorm/mendel AbstractMember.class
2000.06.20 10:06 B D:\Reg\MacOSMendel\COM\codestorm\mendel\AbstractMember.java --> ftp.proxy.net /u1/home/reg/private/MacOSMendel/COM/codestorm/mendel AbstractMember.java
2000.06.20 10:06 B D:\Reg\MacOSMendel\COM\codestorm\mendel\AbstractMemberCollection.class --> ftp.proxy.net /u1/home/reg/private/MacOSMendel/COM/codestorm/mendel AbstractMemberCollection.class
2000.06.20 10:06 B D:\Reg\MacOSMendel\COM\codestorm\mendel\AbstractMemberCollection.java --> ftp.proxy.net /u1/home/reg/private/MacOSMendel/COM/codestorm/mendel AbstractMemberCollection.java
2000.06.20 10:06 B D:\Reg\MacOSMendel\COM\codestorm\mendel\AbstractMemberContainer.class --> ftp.proxy.net /u1/home/reg/private/MacOSMendel/COM/codestorm/mendel AbstractMemberContainer.class
2000.06.20 10:06 B D:\Reg\MacOSMendel\COM\codestorm\mendel\AbstractMemberContainer.java --> ftp.proxy.net /u1/home/reg/private/MacOSMendel/COM/codestorm/mendel AbstractMemberContainer.java
2000.06.20 10:06 B D:\Reg\MacOSMendel\COM\codestorm\mendel\AbstractMemberDictionary.class --> ftp.proxy.net /u1/home/reg/private/MacOSMendel/COM/codestorm/mendel AbstractMemberDictionary.class
2000.06.20 10:06 B D:\Reg\MacOSMendel\COM\codestorm\mendel\AbstractMemberDictionary.java --> ftp.proxy.net /u1/home/reg/private/MacOSMendel/COM/codestorm/mendel AbstractMemberDictionary.java
2000.06.20 10:06 B D:\Reg\MacOSMendel\COM\codestorm\mendel\AbstractOrdCollection.class --> ftp.proxy.net /u1/home/reg/private/MacOSMendel/COM/codestorm/mendel AbstractOrdCollection.class
2000.06.20 10:06 B D:\Reg\MacOSMendel\COM\codestorm\mendel\AbstractOrdCollection.java --> ftp.proxy.net /u1/home/reg/private/MacOSMendel/COM/codestorm/mendel AbstractOrdCollection.java
2000.06.20 10:06 B D:\Reg\MacOSMendel\COM\codestorm\mendel\AbstractPublishStrategy.class --> ftp.proxy.net /u1/home/reg/private/MacOSMendel/COM/codestorm/mendel AbstractPublishStrategy.class
2000.06.20 10:06 B D:\Reg\MacOSMendel\COM\codestorm\mendel\AbstractPublishStrategy.java --> ftp.proxy.net /u1/home/reg/private/MacOSMendel/COM/codestorm/mendel AbstractPublishStrategy.java
2000.06.20 10:06 B D:\Reg\MacOSMendel\COM\codestorm\mendel\AbstractPublishSubject.class --> ftp.proxy.net /u1/home/reg/private/MacOSMendel/COM/codestorm/mendel AbstractPublishSubject.class
2000.06.20 10:06 B D:\Reg\MacOSMendel\COM\codestorm\mendel\AbstractPublishSubject.java --> ftp.proxy.net /u1/home/reg/private/MacOSMendel/COM/codestorm/mendel AbstractPublishSubject.java
2000.06.20 10:06 B D:\Reg\MacOSMendel\COM\codestorm\mendel\AbstractSuperAtomEnvelope.class --> ftp.proxy.net /u1/home/reg/private/MacOSMendel/COM/codestorm/mendel AbstractSuperAtomEnvelope.class
2000.06.20 10:06 B D:\Reg\MacOSMendel\COM\codestorm\mendel\AbstractSuperAtomEnvelope.java --> ftp.proxy.net /u1/home/reg/private/MacOSMendel/COM/codestorm/mendel AbstractSuperAtomEnvelope.java
2000.06.20 10:06 B D:\Reg\MacOSMendel\COM\codestorm\mendel\AbstractSuperAtomicMember.class --> ftp.proxy.net /u1/home/reg/private/MacOSMendel/COM/codestorm/mendel AbstractSuperAtomicMember.class
2000.06.20 10:06 B D:\Reg\MacOSMendel\COM\codestorm\mendel\AbstractSuperAtomicMember.java --> ftp.proxy.net /u1/home/reg/private/MacOSMendel/COM/codestorm/mendel AbstractSuperAtomicMember.java
2000.06.20 10:06 B D:\Reg\MacOSMendel\COM\codestorm\mendel\AbstractSuperCollection.class --> ftp.proxy.net /u1/home/reg/private/MacOSMendel/COM/codestorm/mendel AbstractSuperCollection.class
2000.06.20 10:06 B D:\Reg\MacOSMendel\COM\codestorm\mendel\AbstractSuperCollection.java --> ftp.proxy.net /u1/home/reg/private/MacOSMendel/COM/codestorm/mendel AbstractSuperCollection.java
2000.06.20 10:06 B D:\Reg\MacOSMendel\COM\codestorm\mendel\AbstractSuperDecorator.class --> ftp.proxy.net /u1/home/reg/private/MacOSMendel/COM/codestorm/mendel AbstractSuperDecorator.class
2000.06.20 10:06 B D:\Reg\MacOSMendel\COM\codestorm\mendel\AbstractSuperDecorator.java --> ftp.proxy.net /u1/home/reg/private/MacOSMendel/COM/codestorm/mendel AbstractSuperDecorator.java
2000.06.20 10:06 B D:\Reg\MacOSMendel\COM\codestorm\mendel\AbstractSuperDictionary.class --> ftp.proxy.net /u1/home/reg/private/MacOSMendel/COM/codestorm/mendel AbstractSuperDictionary.class
2000.06.20 10:06 B D:\Reg\MacOSMendel\COM\codestorm\mendel\AbstractSuperDictionary.java --> ftp.proxy.net /u1/home/reg/private/MacOSMendel/COM/codestorm/mendel AbstractSuperDictionary.java
2000.06.20 10:06 B D:\Reg\MacOSMendel\COM\codestorm\mendel\AbstractSuperEnvelope.class --> ftp.proxy.net /u1/home/reg/private/MacOSMendel/COM/codestorm/mendel AbstractSuperEnvelope.class
2000.06.20 10:06 B D:\Reg\MacOSMendel\COM\codestorm\mendel\AbstractSuperEnvelope.java --> ftp.proxy.net /u1/home/reg/private/MacOSMendel/COM/codestorm/mendel AbstractSuperEnvelope.java
2000.06.20 10:06 B D:\Reg\MacOSMendel\COM\codestorm\mendel\AbstractSuperMember.class --> ftp.proxy.net /u1/home/reg/private/MacOSMendel/COM/codestorm/mendel AbstractSuperMember.class
2000.06.20 10:06 B D:\Reg\MacOSMendel\COM\codestorm\mendel\AbstractSuperMember.java --> ftp.proxy.net /u1/home/reg/private/MacOSMendel/COM/codestorm/mendel AbstractSuperMember.java
2000.06.20 10:06 B D:\Reg\MacOSMendel\COM\codestorm\mendel\AbstractSuperOrdCollection.java --> ftp.proxy.net /u1/home/reg/private/MacOSMendel/COM/codestorm/mendel AbstractSuperOrdCollection.java
2000.06.20 10:06 B D:\Reg\MacOSMendel\COM\codestorm\mendel\AbstractSuperReference.class --> ftp.proxy.net /u1/home/reg/private/MacOSMendel/COM/codestorm/mendel AbstractSuperReference.class
2000.06.20 10:06 B D:\Reg\MacOSMendel\COM\codestorm\mendel\AbstractSuperReference.java --> ftp.proxy.net /u1/home/reg/private/MacOSMendel/COM/codestorm/mendel AbstractSuperReference.java
2000.06.20 10:06 B D:\Reg\MacOSMendel\COM\codestorm\mendel\AbstractSupKJCNJDQADQLN9class --> ftp.proxy.net /u1/home/reg/private/MacOSMendel/COM/codestorm/mendel AbstractSupKJCNJDQADQLN9class
2000.06.20 10:06 B D:\Reg\MacOSMendel\COM\codestorm\mendel\AbstractTextMember.class --> ftp.proxy.net /u1/home/reg/private/MacOSMendel/COM/codestorm/mendel AbstractTextMember.class
2000.06.20 10:06 B D:\Reg\MacOSMendel\COM\codestorm\mendel\AbstractTextMember.java --> ftp.proxy.net /u1/home/reg/private/MacOSMendel/COM/codestorm/mendel AbstractTextMember.java
2000.06.20 10:06 B D:\Reg\MacOSMendel\COM\codestorm\mendel\AbstractThunk.class --> ftp.proxy.net /u1/home/reg/private/MacOSMendel/COM/codestorm/mendel AbstractThunk.class
2000.06.20 10:06 B D:\Reg\MacOSMendel\COM\codestorm\mendel\AbstractThunk.java --> ftp.proxy.net /u1/home/reg/private/MacOSMendel/COM/codestorm/mendel AbstractThunk.java
2000.06.20 10:06 B D:\Reg\MacOSMendel\COM\codestorm\mendel\AbstractValue.class --> ftp.proxy.net /u1/home/reg/private/MacOSMendel/COM/codestorm/mendel AbstractValue.class
2000.06.20 10:06 B D:\Reg\MacOSMendel\COM\codestorm\mendel\AbstractValue.java --> ftp.proxy.net /u1/home/reg/private/MacOSMendel/COM/codestorm/mendel AbstractValue.java
2000.06.20 10:06 B D:\Reg\MacOSMendel\COM\codestorm\mendel\AnswerBlock.class --> ftp.proxy.net /u1/home/reg/private/MacOSMendel/COM/codestorm/mendel AnswerBlock.class
2000.06.20 10:06 B D:\Reg\MacOSMendel\COM\codestorm\mendel\AnswerBlock.java --> ftp.proxy.net /u1/home/reg/private/MacOSMendel/COM/codestorm/mendel AnswerBlock.java
2000.06.20 10:06 B D:\Reg\MacOSMendel\COM\codestorm\mendel\Apply.class --> ftp.proxy.net /u1/home/reg/private/MacOSMendel/COM/codestorm/mendel Apply.class
2000.06.20 10:06 B D:\Reg\MacOSMendel\COM\codestorm\mendel\Apply.java --> ftp.proxy.net /u1/home/reg/private/MacOSMendel/COM/codestorm/mendel Apply.java
2000.06.20 10:06 B D:\Reg\MacOSMendel\COM\codestorm\mendel\ConditionalBlock.class --> ftp.proxy.net /u1/home/reg/private/MacOSMendel/COM/codestorm/mendel ConditionalBlock.class
2000.06.20 10:06 B D:\Reg\MacOSMendel\COM\codestorm\mendel\ConditionalBlock.java --> ftp.proxy.net /u1/home/reg/private/MacOSMendel/COM/codestorm/mendel ConditionalBlock.java
2000.06.20 10:06 B D:\Reg\MacOSMendel\COM\codestorm\mendel\Defaults.class --> ftp.proxy.net /u1/home/reg/private/MacOSMendel/COM/codestorm/mendel Defaults.class
2000.06.20 10:06 B D:\Reg\MacOSMendel\COM\codestorm\mendel\Defaults.java --> ftp.proxy.net /u1/home/reg/private/MacOSMendel/COM/codestorm/mendel Defaults.java
2000.06.20 10:06 B D:\Reg\MacOSMendel\COM\codestorm\mendel\EmptyEnumerator.class --> ftp.proxy.net /u1/home/reg/private/MacOSMendel/COM/codestorm/mendel EmptyEnumerator.class
2000.06.20 10:06 B D:\Reg\MacOSMendel\COM\codestorm\mendel\EmptyEnumerator.java --> ftp.proxy.net /u1/home/reg/private/MacOSMendel/COM/codestorm/mendel EmptyEnumerator.java
2000.06.20 10:06 B D:\Reg\MacOSMendel\COM\codestorm\mendel\EmptyMember.class --> ftp.proxy.net /u1/home/reg/private/MacOSMendel/COM/codestorm/mendel EmptyMember.class
2000.06.20 10:06 B D:\Reg\MacOSMendel\COM\codestorm\mendel\EmptyMember.java --> ftp.proxy.net /u1/home/reg/private/MacOSMendel/COM/codestorm/mendel EmptyMember.java
2000.06.20 10:06 B D:\Reg\MacOSMendel\COM\codestorm\mendel\FunctionBlock.class --> ftp.proxy.net /u1/home/reg/private/MacOSMendel/COM/codestorm/mendel FunctionBlock.class
2000.06.20 10:06 B D:\Reg\MacOSMendel\COM\codestorm\mendel\FunctionBlock.java --> ftp.proxy.net /u1/home/reg/private/MacOSMendel/COM/codestorm/mendel FunctionBlock.java
2000.06.20 10:06 B D:\Reg\MacOSMendel\COM\codestorm\mendel\HTMLMember.class --> ftp.proxy.net /u1/home/reg/private/MacOSMendel/COM/codestorm/mendel HTMLMember.class
2000.06.20 10:06 B D:\Reg\MacOSMendel\COM\codestorm\mendel\HTMLMember.java --> ftp.proxy.net /u1/home/reg/private/MacOSMendel/COM/codestorm/mendel HTMLMember.java
2000.06.20 10:06 B D:\Reg\MacOSMendel\COM\codestorm\mendel\InjectionBlock.class --> ftp.proxy.net /u1/home/reg/private/MacOSMendel/COM/codestorm/mendel InjectionBlock.class
2000.06.20 10:06 B D:\Reg\MacOSMendel\COM\codestorm\mendel\InjectionBlock.java --> ftp.proxy.net /u1/home/reg/private/MacOSMendel/COM/codestorm/mendel InjectionBlock.java
2000.06.20 10:06 B D:\Reg\MacOSMendel\COM\codestorm\mendel\InjectNullBlock.class --> ftp.proxy.net /u1/home/reg/private/MacOSMendel/COM/codestorm/mendel InjectNullBlock.class
2000.06.20 10:06 B D:\Reg\MacOSMendel\COM\codestorm\mendel\InjectNullBlock.java --> ftp.proxy.net /u1/home/reg/private/MacOSMendel/COM/codestorm/mendel InjectNullBlock.java
2000.06.20 10:06 B D:\Reg\MacOSMendel\COM\codestorm\mendel\Label.class --> ftp.proxy.net /u1/home/reg/private/MacOSMendel/COM/codestorm/mendel Label.class
2000.06.20 10:06 B D:\Reg\MacOSMendel\COM\codestorm\mendel\Label.java --> ftp.proxy.net /u1/home/reg/private/MacOSMendel/COM/codestorm/mendel Label.java
2000.06.20 10:06 B D:\Reg\MacOSMendel\COM\codestorm\mendel\MemberNotFoundException.class --> ftp.proxy.net /u1/home/reg/private/MacOSMendel/COM/codestorm/mendel MemberNotFoundException.class
2000.06.20 10:06 B D:\Reg\MacOSMendel\COM\codestorm\mendel\MemberNotFoundException.java --> ftp.proxy.net /u1/home/reg/private/MacOSMendel/COM/codestorm/mendel MemberNotFoundException.java
2000.06.20 10:06 B D:\Reg\MacOSMendel\COM\codestorm\mendel\MemberProperties.class --> ftp.proxy.net /u1/home/reg/private/MacOSMendel/COM/codestorm/mendel MemberProperties.class
2000.06.20 10:06 B D:\Reg\MacOSMendel\COM\codestorm\mendel\MemberProperties.java --> ftp.proxy.net /u1/home/reg/private/MacOSMendel/COM/codestorm/mendel MemberProperties.java
2000.06.20 10:06 B D:\Reg\MacOSMendel\COM\codestorm\mendel\MendelDebugger.class --> ftp.proxy.net /u1/home/reg/private/MacOSMendel/COM/codestorm/mendel MendelDebugger.class
2000.06.20 10:06 B D:\Reg\MacOSMendel\COM\codestorm\mendel\MendelDebugger.java --> ftp.proxy.net /u1/home/reg/private/MacOSMendel/COM/codestorm/mendel MendelDebugger.java
2000.06.20 10:06 B D:\Reg\MacOSMendel\COM\codestorm\mendel\MendelException.class --> ftp.proxy.net /u1/home/reg/private/MacOSMendel/COM/codestorm/mendel MendelException.class
2000.06.20 10:06 B D:\Reg\MacOSMendel\COM\codestorm\mendel\MendelException.java --> ftp.proxy.net /u1/home/reg/private/MacOSMendel/COM/codestorm/mendel MendelException.java
2000.06.20 10:06 B D:\Reg\MacOSMendel\COM\codestorm\mendel\MissingMember.class --> ftp.proxy.net /u1/home/reg/private/MacOSMendel/COM/codestorm/mendel MissingMember.class
2000.06.20 10:06 B D:\Reg\MacOSMendel\COM\codestorm\mendel\MissingMember.java --> ftp.proxy.net /u1/home/reg/private/MacOSMendel/COM/codestorm/mendel MissingMember.java
2000.06.20 10:06 B D:\Reg\MacOSMendel\COM\codestorm\mendel\MissingThrower.class --> ftp.proxy.net /u1/home/reg/private/MacOSMendel/COM/codestorm/mendel MissingThrower.class
2000.06.20 10:06 B D:\Reg\MacOSMendel\COM\codestorm\mendel\MissingThrower.java --> ftp.proxy.net /u1/home/reg/private/MacOSMendel/COM/codestorm/mendel MissingThrower.java
2000.06.20 10:06 B D:\Reg\MacOSMendel\COM\codestorm\mendel\NoContainerException.class --> ftp.proxy.net /u1/home/reg/private/MacOSMendel/COM/codestorm/mendel NoContainerException.class
2000.06.20 10:06 B D:\Reg\MacOSMendel\COM\codestorm\mendel\NoContainerException.java --> ftp.proxy.net /u1/home/reg/private/MacOSMendel/COM/codestorm/mendel NoContainerException.java
2000.06.20 10:06 B D:\Reg\MacOSMendel\COM\codestorm\mendel\NoMemberException.class --> ftp.proxy.net /u1/home/reg/private/MacOSMendel/COM/codestorm/mendel NoMemberException.class
2000.06.20 10:06 B D:\Reg\MacOSMendel\COM\codestorm\mendel\NoMemberException.java --> ftp.proxy.net /u1/home/reg/private/MacOSMendel/COM/codestorm/mendel NoMemberException.java
2000.06.20 10:06 B D:\Reg\MacOSMendel\COM\codestorm\mendel\NoParentException.class --> ftp.proxy.net /u1/home/reg/private/MacOSMendel/COM/codestorm/mendel NoParentException.class
2000.06.20 10:06 B D:\Reg\MacOSMendel\COM\codestorm\mendel\NoParentException.java --> ftp.proxy.net /u1/home/reg/private/MacOSMendel/COM/codestorm/mendel NoParentException.java
2000.06.20 10:06 B D:\Reg\MacOSMendel\COM\codestorm\mendel\NoPropertyException.class --> ftp.proxy.net /u1/home/reg/private/MacOSMendel/COM/codestorm/mendel NoPropertyException.class
2000.06.20 10:06 B D:\Reg\MacOSMendel\COM\codestorm\mendel\NoPropertyException.java --> ftp.proxy.net /u1/home/reg/private/MacOSMendel/COM/codestorm/mendel NoPropertyException.java
2000.06.20 10:06 B D:\Reg\MacOSMendel\COM\codestorm\mendel\NotAMemberException.class --> ftp.proxy.net /u1/home/reg/private/MacOSMendel/COM/codestorm/mendel NotAMemberException.class
2000.06.20 10:06 B D:\Reg\MacOSMendel\COM\codestorm\mendel\NotAMemberException.java --> ftp.proxy.net /u1/home/reg/private/MacOSMendel/COM/codestorm/mendel NotAMemberException.java
2000.06.20 10:06 B D:\Reg\MacOSMendel\COM\codestorm\mendel\PropertyNotFoundException.class --> ftp.proxy.net /u1/home/reg/private/MacOSMendel/COM/codestorm/mendel PropertyNotFoundException.class
2000.06.20 10:06 B D:\Reg\MacOSMendel\COM\codestorm\mendel\PropertyNotFoundException.java --> ftp.proxy.net /u1/home/reg/private/MacOSMendel/COM/codestorm/mendel PropertyNotFoundException.java
2000.06.20 10:06 B D:\Reg\MacOSMendel\COM\codestorm\mendel\Root.class --> ftp.proxy.net /u1/home/reg/private/MacOSMendel/COM/codestorm/mendel Root.class
2000.06.20 10:06 B D:\Reg\MacOSMendel\COM\codestorm\mendel\Root.java --> ftp.proxy.net /u1/home/reg/private/MacOSMendel/COM/codestorm/mendel Root.java
2000.06.20 10:06 B D:\Reg\MacOSMendel\COM\codestorm\mendel\ScriptLambda.class --> ftp.proxy.net /u1/home/reg/private/MacOSMendel/COM/codestorm/mendel ScriptLambda.class
2000.06.20 10:06 B D:\Reg\MacOSMendel\COM\codestorm\mendel\ScriptLambda.java --> ftp.proxy.net /u1/home/reg/private/MacOSMendel/COM/codestorm/mendel ScriptLambda.java
2000.06.20 10:06 B D:\Reg\MacOSMendel\COM\codestorm\mendel\ServerFile.class --> ftp.proxy.net /u1/home/reg/private/MacOSMendel/COM/codestorm/mendel ServerFile.class
2000.06.20 10:06 B D:\Reg\MacOSMendel\COM\codestorm\mendel\ServerFile.java --> ftp.proxy.net /u1/home/reg/private/MacOSMendel/COM/codestorm/mendel ServerFile.java
2000.06.20 10:06 B D:\Reg\MacOSMendel\COM\codestorm\mendel\SHTMLMember.java --> ftp.proxy.net /u1/home/reg/private/MacOSMendel/COM/codestorm/mendel SHTMLMember.java
2000.06.20 10:06 B D:\Reg\MacOSMendel\COM\codestorm\mendel\Symbol.class --> ftp.proxy.net /u1/home/reg/private/MacOSMendel/COM/codestorm/mendel Symbol.class
2000.06.20 10:06 B D:\Reg\MacOSMendel\COM\codestorm\mendel\Symbol.java --> ftp.proxy.net /u1/home/reg/private/MacOSMendel/COM/codestorm/mendel Symbol.java
2000.06.20 10:06 B D:\Reg\MacOSMendel\COM\codestorm\mendel\UniqueMember.class --> ftp.proxy.net /u1/home/reg/private/MacOSMendel/COM/codestorm/mendel UniqueMember.class
2000.06.20 10:06 B D:\Reg\MacOSMendel\COM\codestorm\mendel\UniqueMember.java --> ftp.proxy.net /u1/home/reg/private/MacOSMendel/COM/codestorm/mendel UniqueMember.java
2000.06.20 10:06 B D:\Reg\MacOSMendel\COM\codestorm\mendel\ValueType.class --> ftp.proxy.net /u1/home/reg/private/MacOSMendel/COM/codestorm/mendel ValueType.class
2000.06.20 10:06 B D:\Reg\MacOSMendel\COM\codestorm\mendel\ValueType.java --> ftp.proxy.net /u1/home/reg/private/MacOSMendel/COM/codestorm/mendel ValueType.java
